Using pre-set license
Built from '2020.3/staging' branch; Version is '2020.3.0f1 (c7b5465681fb) revision 13088070'; Using compiler version '192528614'; Build Type 'Release'
OS: 'Windows 10 Home; OS build 19041.928; Version 2004; 64bit' Language: 'fi' Physical Memory: 16303 MB
BatchMode: 1, IsHumanControllingUs: 0, StartBugReporterOnCrash: 0, Is64bit: 1, IsPro: 0

 COMMAND LINE ARGUMENTS:
C:\Program Files\Unity\Hub\Editor\2020.3.0f1\Editor\Unity.exe
-adb2
-batchMode
-noUpm
-name
AssetImportWorker0
-projectPath
C:/Unity/2dspace/2dspace
-logFile
Logs/AssetImportWorker0.log
-srvPort
64086
Successfully changed project path to: C:/Unity/2dspace/2dspace
C:/Unity/2dspace/2dspace
Using Asset Import Pipeline V2.
Refreshing native plugins compatible for Editor in 38.46 ms, found 1 plugins.
Preloading 0 native plugins for Editor in 0.00 ms.
Initialize engine version: 2020.3.0f1 (c7b5465681fb)
[Subsystems] Discovering subsystems at path C:/Program Files/Unity/Hub/Editor/2020.3.0f1/Editor/Data/Resources/UnitySubsystems
[Subsystems] Discovering subsystems at path C:/Unity/2dspace/2dspace/Assets
GfxDevice: creating device client; threaded=0
Direct3D:
    Version:  Direct3D 11.0 [level 11.1]
    Renderer: NVIDIA GeForce GTX 1060 6GB (ID=0x1b83)
    Vendor:   
    VRAM:     6052 MB
    Driver:   27.21.14.6589
Initialize mono
Mono path[0] = 'C:/Program Files/Unity/Hub/Editor/2020.3.0f1/Editor/Data/Managed'
Mono path[1] = 'C:/Program Files/Unity/Hub/Editor/2020.3.0f1/Editor/Data/MonoBleedingEdge/lib/mono/unityjit'
Mono config path = 'C:/Program Files/Unity/Hub/Editor/2020.3.0f1/Editor/Data/MonoBleedingEdge/etc'
Using monoOptions --debugger-agent=transport=dt_socket,embedding=1,server=y,suspend=n,address=127.0.0.1:56160
Begin MonoManager ReloadAssembly
Registering precompiled unity dll's ...
Register platform support module: C:/Program Files/Unity/Hub/Editor/2020.3.0f1/Editor/Data/PlaybackEngines/WebGLSupport/UnityEditor.WebGL.Extensions.dll
Register platform support module: C:/Program Files/Unity/Hub/Editor/2020.3.0f1/Editor/Data/PlaybackEngines/WindowsStandaloneSupport/UnityEditor.WindowsStandalone.Extensions.dll
Registered in 0.003073 seconds.
Native extension for WindowsStandalone target not found
Native extension for WebGL target not found
Refreshing native plugins compatible for Editor in 34.24 ms, found 1 plugins.
Preloading 0 native plugins for Editor in 0.00 ms.
Invoked RoslynAnalysisRunner static constructor.
RoslynAnalysisRunner will not be running.
RoslynAnalysisRunner has terminated.
Mono: successfully reloaded assembly
- Completed reload, in  1.247 seconds
Platform modules already initialized, skipping
Registering precompiled user dll's ...
Registered in 0.001043 seconds.
Begin MonoManager ReloadAssembly
Native extension for WindowsStandalone target not found
Native extension for WebGL target not found
Refreshing native plugins compatible for Editor in 33.52 ms, found 1 plugins.
Preloading 0 native plugins for Editor in 0.00 ms.
Invoked RoslynAnalysisRunner static constructor.
RoslynAnalysisRunner will not be running.
RoslynAnalysisRunner has terminated.
Mono: successfully reloaded assembly
- Completed reload, in  0.993 seconds
Platform modules already initialized, skipping
========================================================================
Worker process is ready to serve import requests
Launched and connected shader compiler UnityShaderCompiler.exe after 0.04 seconds
Refreshing native plugins compatible for Editor in 0.39 ms, found 1 plugins.
Preloading 0 native plugins for Editor in 0.00 ms.
Unloading 1820 Unused Serialized files (Serialized files now loaded: 0)
System memory in use before: 85.1 MB.
System memory in use after: 85.0 MB.

Unloading 24 unused Assets to reduce memory usage. Loaded Objects now: 2264.
Total: 2.454500 ms (FindLiveObjects: 0.321400 ms CreateObjectMapping: 0.086500 ms MarkObjects: 1.877000 ms  DeleteObjects: 0.168300 ms)

========================================================================
Received Import Request.
  path: Assets/Scripts/Col/Boss.cs
  artifactKey: Guid(658024e1bc9e03d4084c4e4426d590fd) Importer(815301076,1909f56bfc062723c751e8b465ee728b)
Start importing Assets/Scripts/Col/Boss.cs using Guid(658024e1bc9e03d4084c4e4426d590fd) Importer(815301076,1909f56bfc062723c751e8b465ee728b)  -> (artifact id: '0277ee3bbf9e4f22b5a26c7f34d63b80') in 0.047790 seconds
  Import took 0.051992 seconds .

========================================================================
Received Import Request.
  Time since last request: 298.314527 seconds.
  path: Assets/Prefabs/5ArmyOfSpinners.prefab
  artifactKey: Guid(436c106cf6c018d4595340e7e8c5664f) Importer(815301076,1909f56bfc062723c751e8b465ee728b)
Start importing Assets/Prefabs/5ArmyOfSpinners.prefab using Guid(436c106cf6c018d4595340e7e8c5664f) Importer(815301076,1909f56bfc062723c751e8b465ee728b)  -> (artifact id: '289ebcdd6bc7096dd8cf5dcae421469d') in 0.101207 seconds
  Import took 0.105260 seconds .

========================================================================
Received Import Request.
  Time since last request: 0.000234 seconds.
  path: Assets/Prefabs/Boss.prefab
  artifactKey: Guid(d64b78cdea655b745827b2535d1af638) Importer(815301076,1909f56bfc062723c751e8b465ee728b)
Start importing Assets/Prefabs/Boss.prefab using Guid(d64b78cdea655b745827b2535d1af638) Importer(815301076,1909f56bfc062723c751e8b465ee728b)  -> (artifact id: 'ed9f0097be97b2bde182ef530eb6e99b') in 0.024524 seconds
  Import took 0.028795 seconds .

========================================================================
Received Import Request.
  Time since last request: 0.000230 seconds.
  path: Assets/Prefabs/Enemy.prefab
  artifactKey: Guid(40ba7e8fb6faa564ebd2bc834f42de9b) Importer(815301076,1909f56bfc062723c751e8b465ee728b)
Start importing Assets/Prefabs/Enemy.prefab using Guid(40ba7e8fb6faa564ebd2bc834f42de9b) Importer(815301076,1909f56bfc062723c751e8b465ee728b)  -> (artifact id: '8f0e16ef251ddccf489ac13f03924329') in 0.016911 seconds
  Import took 0.021492 seconds .

========================================================================
Received Import Request.
  Time since last request: 0.000289 seconds.
  path: Assets/Prefabs/Boss.prefab
  artifactKey: Guid(d64b78cdea655b745827b2535d1af638) Importer(815301076,1909f56bfc062723c751e8b465ee728b)
Start importing Assets/Prefabs/Boss.prefab using Guid(d64b78cdea655b745827b2535d1af638) Importer(815301076,1909f56bfc062723c751e8b465ee728b)  -> (artifact id: 'ed9f0097be97b2bde182ef530eb6e99b') in 0.011392 seconds
  Import took 0.015067 seconds .

========================================================================
Received Import Request.
  Time since last request: 0.000261 seconds.
  path: Assets/Prefabs/Enemy.prefab
  artifactKey: Guid(40ba7e8fb6faa564ebd2bc834f42de9b) Importer(815301076,1909f56bfc062723c751e8b465ee728b)
Start importing Assets/Prefabs/Enemy.prefab using Guid(40ba7e8fb6faa564ebd2bc834f42de9b) Importer(815301076,1909f56bfc062723c751e8b465ee728b)  -> (artifact id: '8f0e16ef251ddccf489ac13f03924329') in 0.010165 seconds
  Import took 0.014015 seconds .

========================================================================
Received Import Request.
  Time since last request: 0.000242 seconds.
  path: Assets/Prefabs/SpinnerEnemy.prefab
  artifactKey: Guid(f81c4163013036a4ebc55e6c7e05b024) Importer(815301076,1909f56bfc062723c751e8b465ee728b)
Start importing Assets/Prefabs/SpinnerEnemy.prefab using Guid(f81c4163013036a4ebc55e6c7e05b024) Importer(815301076,1909f56bfc062723c751e8b465ee728b)  -> (artifact id: '887ef316e71d8897ea8bf8246e50420e') in 0.016241 seconds
  Import took 0.020058 seconds .

========================================================================
Received Prepare
Registering precompiled user dll's ...
Registered in 0.001751 seconds.
Begin MonoManager ReloadAssembly
Native extension for WindowsStandalone target not found
Native extension for WebGL target not found
Refreshing native plugins compatible for Editor in 0.42 ms, found 1 plugins.
Preloading 0 native plugins for Editor in 0.00 ms.
Invoked RoslynAnalysisRunner static constructor.
RoslynAnalysisRunner will not be running.
RoslynAnalysisRunner has terminated.
Mono: successfully reloaded assembly
- Completed reload, in  0.985 seconds
Platform modules already initialized, skipping
Refreshing native plugins compatible for Editor in 0.51 ms, found 1 plugins.
Preloading 0 native plugins for Editor in 0.00 ms.
Unloading 1816 Unused Serialized files (Serialized files now loaded: 0)
System memory in use before: 88.2 MB.
System memory in use after: 88.2 MB.

Unloading 12 unused Assets to reduce memory usage. Loaded Objects now: 2276.
Total: 2.511800 ms (FindLiveObjects: 0.225400 ms CreateObjectMapping: 0.062700 ms MarkObjects: 2.068700 ms  DeleteObjects: 0.153400 ms)

========================================================================
Received Import Request.
  Time since last request: 127.057441 seconds.
  path: Assets/AlienDecendant.cs
  artifactKey: Guid(92b37457abc46c0448afd708a9f48091) Importer(815301076,1909f56bfc062723c751e8b465ee728b)
Start importing Assets/AlienDecendant.cs using Guid(92b37457abc46c0448afd708a9f48091) Importer(815301076,1909f56bfc062723c751e8b465ee728b)  -> (artifact id: 'c9198fcfe72e24b5e33d79d2958a05cc') in 0.011167 seconds
  Import took 0.016372 seconds .

========================================================================
Received Import Request.
  Time since last request: 0.001040 seconds.
  path: Assets/AlienDecendant.cs
  artifactKey: Guid(92b37457abc46c0448afd708a9f48091) Importer(815301076,1909f56bfc062723c751e8b465ee728b)
Start importing Assets/AlienDecendant.cs using Guid(92b37457abc46c0448afd708a9f48091) Importer(815301076,1909f56bfc062723c751e8b465ee728b)  -> (artifact id: 'c9198fcfe72e24b5e33d79d2958a05cc') in 0.003346 seconds
  Import took 0.007647 seconds .

========================================================================
Received Prepare
Registering precompiled user dll's ...
Registered in 0.001068 seconds.
Begin MonoManager ReloadAssembly
Native extension for WindowsStandalone target not found
Native extension for WebGL target not found
Refreshing native plugins compatible for Editor in 0.40 ms, found 1 plugins.
Preloading 0 native plugins for Editor in 0.00 ms.
Invoked RoslynAnalysisRunner static constructor.
RoslynAnalysisRunner will not be running.
RoslynAnalysisRunner has terminated.
Mono: successfully reloaded assembly
- Completed reload, in  0.905 seconds
Platform modules already initialized, skipping
Refreshing native plugins compatible for Editor in 0.44 ms, found 1 plugins.
Preloading 0 native plugins for Editor in 0.00 ms.
Unloading 1816 Unused Serialized files (Serialized files now loaded: 0)
System memory in use before: 88.2 MB.
System memory in use after: 88.2 MB.

Unloading 12 unused Assets to reduce memory usage. Loaded Objects now: 2280.
Total: 2.503800 ms (FindLiveObjects: 0.270600 ms CreateObjectMapping: 0.160600 ms MarkObjects: 1.915500 ms  DeleteObjects: 0.156200 ms)

========================================================================
Received Prepare
Registering precompiled user dll's ...
Registered in 0.001016 seconds.
Begin MonoManager ReloadAssembly
Native extension for WindowsStandalone target not found
Native extension for WebGL target not found
Refreshing native plugins compatible for Editor in 0.38 ms, found 1 plugins.
Preloading 0 native plugins for Editor in 0.00 ms.
Invoked RoslynAnalysisRunner static constructor.
RoslynAnalysisRunner will not be running.
RoslynAnalysisRunner has terminated.
Mono: successfully reloaded assembly
- Completed reload, in  0.898 seconds
Platform modules already initialized, skipping
Refreshing native plugins compatible for Editor in 0.40 ms, found 1 plugins.
Preloading 0 native plugins for Editor in 0.00 ms.
Unloading 1816 Unused Serialized files (Serialized files now loaded: 0)
System memory in use before: 88.2 MB.
System memory in use after: 88.2 MB.

Unloading 12 unused Assets to reduce memory usage. Loaded Objects now: 2284.
Total: 2.768600 ms (FindLiveObjects: 0.191400 ms CreateObjectMapping: 0.067600 ms MarkObjects: 2.375200 ms  DeleteObjects: 0.133600 ms)

========================================================================
Received Import Request.
  Time since last request: 569.193092 seconds.
  path: Assets/Prefabs/5ArmyOfSpinners.prefab
  artifactKey: Guid(436c106cf6c018d4595340e7e8c5664f) Importer(815301076,1909f56bfc062723c751e8b465ee728b)
Start importing Assets/Prefabs/5ArmyOfSpinners.prefab using Guid(436c106cf6c018d4595340e7e8c5664f) Importer(815301076,1909f56bfc062723c751e8b465ee728b)  -> (artifact id: '2704c81339e9b7a8446a1a6f0f689d80') in 0.058978 seconds
  Import took 0.063347 seconds .

========================================================================
Received Import Request.
  Time since last request: 0.000213 seconds.
  path: Assets/Prefabs/Boss.prefab
  artifactKey: Guid(d64b78cdea655b745827b2535d1af638) Importer(815301076,1909f56bfc062723c751e8b465ee728b)
Start importing Assets/Prefabs/Boss.prefab using Guid(d64b78cdea655b745827b2535d1af638) Importer(815301076,1909f56bfc062723c751e8b465ee728b)  -> (artifact id: '360a5452c0f693130ddb6bdfd6ef265e') in 0.018511 seconds
  Import took 0.022477 seconds .

========================================================================
Received Import Request.
  Time since last request: 0.000284 seconds.
  path: Assets/Prefabs/Enemy.prefab
  artifactKey: Guid(40ba7e8fb6faa564ebd2bc834f42de9b) Importer(815301076,1909f56bfc062723c751e8b465ee728b)
Start importing Assets/Prefabs/Enemy.prefab using Guid(40ba7e8fb6faa564ebd2bc834f42de9b) Importer(815301076,1909f56bfc062723c751e8b465ee728b)  -> (artifact id: '931075017f848506d24d84e0d77c5428') in 0.015327 seconds
  Import took 0.019007 seconds .

========================================================================
Received Import Request.
  Time since last request: 0.000240 seconds.
  path: Assets/Prefabs/SpinnerEnemy.prefab
  artifactKey: Guid(f81c4163013036a4ebc55e6c7e05b024) Importer(815301076,1909f56bfc062723c751e8b465ee728b)
Start importing Assets/Prefabs/SpinnerEnemy.prefab using Guid(f81c4163013036a4ebc55e6c7e05b024) Importer(815301076,1909f56bfc062723c751e8b465ee728b)  -> (artifact id: 'ccefac625a03f9bbf760e1b026ea5bbe') in 0.013952 seconds
  Import took 0.017823 seconds .

========================================================================
Received Import Request.
  Time since last request: 4.537826 seconds.
  path: Assets/Prefabs/Player.prefab
  artifactKey: Guid(52d27455464e51348acd9d2a199038a8) Importer(815301076,1909f56bfc062723c751e8b465ee728b)
Start importing Assets/Prefabs/Player.prefab using Guid(52d27455464e51348acd9d2a199038a8) Importer(815301076,1909f56bfc062723c751e8b465ee728b)  -> (artifact id: 'eb24263416ebd32821eb9e296e0b300d') in 0.017955 seconds
  Import took 0.022774 seconds .

========================================================================
Received Import Request.
  Time since last request: 0.015918 seconds.
  path: Assets/Prefabs/Player.prefab
  artifactKey: Guid(52d27455464e51348acd9d2a199038a8) Importer(815301076,1909f56bfc062723c751e8b465ee728b)
Start importing Assets/Prefabs/Player.prefab using Guid(52d27455464e51348acd9d2a199038a8) Importer(815301076,1909f56bfc062723c751e8b465ee728b)  -> (artifact id: 'eb24263416ebd32821eb9e296e0b300d') in 0.017668 seconds
  Import took 0.022707 seconds .

========================================================================
Received Import Request.
  Time since last request: 29.782043 seconds.
  path: Assets/Fonts/Roboto/Roboto-BlackItalic.ttf
  artifactKey: Guid(92fc4eb0675ccd44c8df5a81a8d62894) Importer(815301076,1909f56bfc062723c751e8b465ee728b)
Start importing Assets/Fonts/Roboto/Roboto-BlackItalic.ttf using Guid(92fc4eb0675ccd44c8df5a81a8d62894) Importer(815301076,1909f56bfc062723c751e8b465ee728b)  -> (artifact id: '513c60c9c212895516f21070286eb025') in 0.051744 seconds
  Import took 0.056590 seconds .

========================================================================
Received Import Request.
  Time since last request: 0.000275 seconds.
  path: Assets/Fonts/Roboto/Roboto-BoldItalic.ttf
  artifactKey: Guid(0e69854510d408f4f9aca8ce176efcb4) Importer(815301076,1909f56bfc062723c751e8b465ee728b)
Start importing Assets/Fonts/Roboto/Roboto-BoldItalic.ttf using Guid(0e69854510d408f4f9aca8ce176efcb4) Importer(815301076,1909f56bfc062723c751e8b465ee728b)  -> (artifact id: 'e71a85fd81c6822e398e10342829051f') in 0.019228 seconds
  Import took 0.022863 seconds .

========================================================================
Received Import Request.
  Time since last request: 0.000235 seconds.
  path: Assets/Fonts/Roboto/Roboto-MediumItalic.ttf
  artifactKey: Guid(41e845bada76fcd4a9878b3685bfd961) Importer(815301076,1909f56bfc062723c751e8b465ee728b)
Start importing Assets/Fonts/Roboto/Roboto-MediumItalic.ttf using Guid(41e845bada76fcd4a9878b3685bfd961) Importer(815301076,1909f56bfc062723c751e8b465ee728b)  -> (artifact id: 'd02c331f915c19957298ed7020555461') in 0.017998 seconds
  Import took 0.022509 seconds .

========================================================================
Received Import Request.
  Time since last request: 0.000206 seconds.
  path: Assets/Fonts/Roboto/Roboto-Bold.ttf
  artifactKey: Guid(c46ee0ace27e92c4aba97a26907796b3) Importer(815301076,1909f56bfc062723c751e8b465ee728b)
Start importing Assets/Fonts/Roboto/Roboto-Bold.ttf using Guid(c46ee0ace27e92c4aba97a26907796b3) Importer(815301076,1909f56bfc062723c751e8b465ee728b)  -> (artifact id: 'e29e8170df90d0c1a2db63aec0200448') in 0.017032 seconds
  Import took 0.021623 seconds .

========================================================================
Received Import Request.
  Time since last request: 0.000284 seconds.
  path: Assets/Fonts/Roboto/Roboto-Italic.ttf
  artifactKey: Guid(dc5781714f3f1444fa1a0052d2213dcc) Importer(815301076,1909f56bfc062723c751e8b465ee728b)
Start importing Assets/Fonts/Roboto/Roboto-Italic.ttf using Guid(dc5781714f3f1444fa1a0052d2213dcc) Importer(815301076,1909f56bfc062723c751e8b465ee728b)  -> (artifact id: 'e0189bdcfb04ff9b24ed7dcac8cfadce') in 0.017955 seconds
  Import took 0.021697 seconds .

========================================================================
Received Import Request.
  Time since last request: 0.000229 seconds.
  path: Assets/Fonts/Roboto/Roboto-LightItalic.ttf
  artifactKey: Guid(5d51d67606b7eb046aea3dcfd29743a6) Importer(815301076,1909f56bfc062723c751e8b465ee728b)
Start importing Assets/Fonts/Roboto/Roboto-LightItalic.ttf using Guid(5d51d67606b7eb046aea3dcfd29743a6) Importer(815301076,1909f56bfc062723c751e8b465ee728b)  -> (artifact id: '90788eede1f90e7b9acdcf2f2da1d2ae') in 0.017007 seconds
  Import took 0.020695 seconds .

========================================================================
Received Import Request.
  Time since last request: 0.000257 seconds.
  path: Assets/Fonts/Roboto/Roboto-ThinItalic.ttf
  artifactKey: Guid(ee0379b967a55134c8efa896e6dda718) Importer(815301076,1909f56bfc062723c751e8b465ee728b)
Start importing Assets/Fonts/Roboto/Roboto-ThinItalic.ttf using Guid(ee0379b967a55134c8efa896e6dda718) Importer(815301076,1909f56bfc062723c751e8b465ee728b)  -> (artifact id: 'efcc371f99c90ebdb361e630b9e2964c') in 0.024594 seconds
  Import took 0.028440 seconds .

========================================================================
Received Import Request.
  Time since last request: 0.000243 seconds.
  path: Assets/Fonts/Roboto/Roboto-Thin.ttf
  artifactKey: Guid(3e4185046c71a4a4ebf6a1531c81967d) Importer(815301076,1909f56bfc062723c751e8b465ee728b)
Start importing Assets/Fonts/Roboto/Roboto-Thin.ttf using Guid(3e4185046c71a4a4ebf6a1531c81967d) Importer(815301076,1909f56bfc062723c751e8b465ee728b)  -> (artifact id: 'a00a7037fa275e006260f90dc85edb9b') in 0.017535 seconds
  Import took 0.021181 seconds .

========================================================================
Received Prepare
Registering precompiled user dll's ...
Registered in 0.001493 seconds.
Begin MonoManager ReloadAssembly
Native extension for WindowsStandalone target not found
Native extension for WebGL target not found
Refreshing native plugins compatible for Editor in 0.45 ms, found 1 plugins.
Preloading 0 native plugins for Editor in 0.00 ms.
Invoked RoslynAnalysisRunner static constructor.
RoslynAnalysisRunner will not be running.
RoslynAnalysisRunner has terminated.
Mono: successfully reloaded assembly
- Completed reload, in  0.900 seconds
Platform modules already initialized, skipping
Refreshing native plugins compatible for Editor in 0.41 ms, found 1 plugins.
Preloading 0 native plugins for Editor in 0.00 ms.
Unloading 1816 Unused Serialized files (Serialized files now loaded: 0)
System memory in use before: 88.7 MB.
System memory in use after: 88.7 MB.

Unloading 12 unused Assets to reduce memory usage. Loaded Objects now: 2326.
Total: 2.419000 ms (FindLiveObjects: 0.206600 ms CreateObjectMapping: 0.062200 ms MarkObjects: 1.997500 ms  DeleteObjects: 0.151900 ms)

========================================================================
Received Prepare
Registering precompiled user dll's ...
Registered in 0.000978 seconds.
Begin MonoManager ReloadAssembly
Native extension for WindowsStandalone target not found
Native extension for WebGL target not found
Refreshing native plugins compatible for Editor in 0.44 ms, found 1 plugins.
Preloading 0 native plugins for Editor in 0.00 ms.
Invoked RoslynAnalysisRunner static constructor.
RoslynAnalysisRunner will not be running.
RoslynAnalysisRunner has terminated.
Mono: successfully reloaded assembly
- Completed reload, in  0.903 seconds
Platform modules already initialized, skipping
Refreshing native plugins compatible for Editor in 0.42 ms, found 1 plugins.
Preloading 0 native plugins for Editor in 0.00 ms.
Unloading 1816 Unused Serialized files (Serialized files now loaded: 0)
System memory in use before: 88.7 MB.
System memory in use after: 88.7 MB.

Unloading 12 unused Assets to reduce memory usage. Loaded Objects now: 2330.
Total: 2.621600 ms (FindLiveObjects: 0.284900 ms CreateObjectMapping: 0.148700 ms MarkObjects: 2.025200 ms  DeleteObjects: 0.162100 ms)

========================================================================
Received Prepare
Registering precompiled user dll's ...
Registered in 0.001193 seconds.
Begin MonoManager ReloadAssembly
Native extension for WindowsStandalone target not found
Native extension for WebGL target not found
Refreshing native plugins compatible for Editor in 0.40 ms, found 1 plugins.
Preloading 0 native plugins for Editor in 0.00 ms.
Invoked RoslynAnalysisRunner static constructor.
RoslynAnalysisRunner will not be running.
RoslynAnalysisRunner has terminated.
Mono: successfully reloaded assembly
- Completed reload, in  0.916 seconds
Platform modules already initialized, skipping
Refreshing native plugins compatible for Editor in 0.39 ms, found 1 plugins.
Preloading 0 native plugins for Editor in 0.00 ms.
Unloading 1816 Unused Serialized files (Serialized files now loaded: 0)
System memory in use before: 88.7 MB.
System memory in use after: 88.7 MB.

Unloading 12 unused Assets to reduce memory usage. Loaded Objects now: 2334.
Total: 3.043100 ms (FindLiveObjects: 0.350800 ms CreateObjectMapping: 0.119700 ms MarkObjects: 2.397300 ms  DeleteObjects: 0.164500 ms)

========================================================================
Received Import Request.
  Time since last request: 231.602079 seconds.
  path: Assets/Prefabs/AlienDecendant.prefab
  artifactKey: Guid(60d7a5746f8a03e45b5730a9ef723694) Importer(815301076,1909f56bfc062723c751e8b465ee728b)
Start importing Assets/Prefabs/AlienDecendant.prefab using Guid(60d7a5746f8a03e45b5730a9ef723694) Importer(815301076,1909f56bfc062723c751e8b465ee728b)  -> (artifact id: '7351cfea1369bb9d16fbaf567387f8f8') in 0.076061 seconds
  Import took 0.080928 seconds .

========================================================================
Received Import Request.
  Time since last request: 20.161862 seconds.
  path: Assets/Prefabs/Boss.prefab
  artifactKey: Guid(d64b78cdea655b745827b2535d1af638) Importer(815301076,1909f56bfc062723c751e8b465ee728b)
Start importing Assets/Prefabs/Boss.prefab using Guid(d64b78cdea655b745827b2535d1af638) Importer(815301076,1909f56bfc062723c751e8b465ee728b)  -> (artifact id: '4cb5b4d8f135488748d5fc2ee787358c') in 0.019463 seconds
  Import took 0.023678 seconds .

========================================================================
Received Prepare
Registering precompiled user dll's ...
Registered in 0.001138 seconds.
Begin MonoManager ReloadAssembly
Native extension for WindowsStandalone target not found
Native extension for WebGL target not found
Refreshing native plugins compatible for Editor in 0.40 ms, found 1 plugins.
Preloading 0 native plugins for Editor in 0.00 ms.
Invoked RoslynAnalysisRunner static constructor.
RoslynAnalysisRunner will not be running.
RoslynAnalysisRunner has terminated.
Mono: successfully reloaded assembly
- Completed reload, in  0.920 seconds
Platform modules already initialized, skipping
Refreshing native plugins compatible for Editor in 0.41 ms, found 1 plugins.
Preloading 0 native plugins for Editor in 0.00 ms.
Unloading 1816 Unused Serialized files (Serialized files now loaded: 0)
System memory in use before: 88.7 MB.
System memory in use after: 88.7 MB.

Unloading 12 unused Assets to reduce memory usage. Loaded Objects now: 2339.
Total: 2.498900 ms (FindLiveObjects: 0.255700 ms CreateObjectMapping: 0.063400 ms MarkObjects: 2.024000 ms  DeleteObjects: 0.154800 ms)

========================================================================
Received Prepare
Registering precompiled user dll's ...
Registered in 0.001015 seconds.
Begin MonoManager ReloadAssembly
Native extension for WindowsStandalone target not found
Native extension for WebGL target not found
Refreshing native plugins compatible for Editor in 0.49 ms, found 1 plugins.
Preloading 0 native plugins for Editor in 0.00 ms.
Invoked RoslynAnalysisRunner static constructor.
RoslynAnalysisRunner will not be running.
RoslynAnalysisRunner has terminated.
Mono: successfully reloaded assembly
- Completed reload, in  1.189 seconds
Platform modules already initialized, skipping
Refreshing native plugins compatible for Editor in 0.48 ms, found 1 plugins.
Preloading 0 native plugins for Editor in 0.00 ms.
Unloading 1816 Unused Serialized files (Serialized files now loaded: 0)
System memory in use before: 88.7 MB.
System memory in use after: 88.7 MB.

Unloading 12 unused Assets to reduce memory usage. Loaded Objects now: 2343.
Total: 2.708500 ms (FindLiveObjects: 0.223700 ms CreateObjectMapping: 0.070400 ms MarkObjects: 2.288600 ms  DeleteObjects: 0.124500 ms)

========================================================================
Received Import Request.
  Time since last request: 1449.598152 seconds.
  path: Assets/Prefabs/AlienDecendant.prefab
  artifactKey: Guid(60d7a5746f8a03e45b5730a9ef723694) Importer(815301076,1909f56bfc062723c751e8b465ee728b)
Start importing Assets/Prefabs/AlienDecendant.prefab using Guid(60d7a5746f8a03e45b5730a9ef723694) Importer(815301076,1909f56bfc062723c751e8b465ee728b)  -> (artifact id: '307447895a8a23018341951ee7ac2402') in 0.078992 seconds
  Import took 0.083929 seconds .

========================================================================
Received Import Request.
  Time since last request: 1439.706975 seconds.
  path: Assets/Audios/death1.wav
  artifactKey: Guid(c42fa283c223ba74eb0bdccd3b6cfd5f) Importer(815301076,1909f56bfc062723c751e8b465ee728b)
Start importing Assets/Audios/death1.wav using Guid(c42fa283c223ba74eb0bdccd3b6cfd5f) Importer(815301076,1909f56bfc062723c751e8b465ee728b)  -> (artifact id: '421a86242dba75995d72a84a27f5f66b') in 0.031241 seconds
  Import took 0.036432 seconds .

========================================================================
Received Prepare
Registering precompiled user dll's ...
Registered in 0.001073 seconds.
Begin MonoManager ReloadAssembly
Native extension for WindowsStandalone target not found
Native extension for WebGL target not found
Refreshing native plugins compatible for Editor in 0.39 ms, found 1 plugins.
Preloading 0 native plugins for Editor in 0.00 ms.
Invoked RoslynAnalysisRunner static constructor.
RoslynAnalysisRunner will not be running.
RoslynAnalysisRunner has terminated.
Mono: successfully reloaded assembly
- Completed reload, in  0.923 seconds
Platform modules already initialized, skipping
Refreshing native plugins compatible for Editor in 0.49 ms, found 1 plugins.
Preloading 0 native plugins for Editor in 0.00 ms.
Unloading 1816 Unused Serialized files (Serialized files now loaded: 0)
System memory in use before: 88.8 MB.
System memory in use after: 88.8 MB.

Unloading 12 unused Assets to reduce memory usage. Loaded Objects now: 2350.
Total: 3.379900 ms (FindLiveObjects: 0.527600 ms CreateObjectMapping: 0.158600 ms MarkObjects: 2.543300 ms  DeleteObjects: 0.149500 ms)

========================================================================
Received Import Request.
  Time since last request: 46.316192 seconds.
  path: Assets/Scripts/Misc/audio.cs
  artifactKey: Guid(3205c1427c3b04041a0704f66b835728) Importer(815301076,1909f56bfc062723c751e8b465ee728b)
Start importing Assets/Scripts/Misc/audio.cs using Guid(3205c1427c3b04041a0704f66b835728) Importer(815301076,1909f56bfc062723c751e8b465ee728b)  -> (artifact id: '50f65a3473bc8f20e2cd80a2db8dc99a') in 0.011042 seconds
  Import took 0.014700 seconds .

========================================================================
Received Import Request.
  Time since last request: 0.022491 seconds.
  path: Assets/Scripts/Misc/audio.cs
  artifactKey: Guid(3205c1427c3b04041a0704f66b835728) Importer(815301076,1909f56bfc062723c751e8b465ee728b)
Start importing Assets/Scripts/Misc/audio.cs using Guid(3205c1427c3b04041a0704f66b835728) Importer(815301076,1909f56bfc062723c751e8b465ee728b)  -> (artifact id: '50f65a3473bc8f20e2cd80a2db8dc99a') in 0.004607 seconds
  Import took 0.008301 seconds .

========================================================================
Received Prepare
Registering precompiled user dll's ...
Registered in 0.001168 seconds.
Begin MonoManager ReloadAssembly
Native extension for WindowsStandalone target not found
Native extension for WebGL target not found
Refreshing native plugins compatible for Editor in 0.38 ms, found 1 plugins.
Preloading 0 native plugins for Editor in 0.00 ms.
Invoked RoslynAnalysisRunner static constructor.
RoslynAnalysisRunner will not be running.
RoslynAnalysisRunner has terminated.
Mono: successfully reloaded assembly
- Completed reload, in  0.961 seconds
Platform modules already initialized, skipping
Refreshing native plugins compatible for Editor in 0.41 ms, found 1 plugins.
Preloading 0 native plugins for Editor in 0.00 ms.
Unloading 1816 Unused Serialized files (Serialized files now loaded: 0)
System memory in use before: 88.8 MB.
System memory in use after: 88.8 MB.

Unloading 12 unused Assets to reduce memory usage. Loaded Objects now: 2354.
Total: 3.465300 ms (FindLiveObjects: 0.523900 ms CreateObjectMapping: 0.291800 ms MarkObjects: 2.497500 ms  DeleteObjects: 0.150500 ms)

========================================================================
Received Import Request.
  Time since last request: 84.970549 seconds.
  path: Assets/Scripts/Misc/audio.cs
  artifactKey: Guid(3205c1427c3b04041a0704f66b835728) Importer(815301076,1909f56bfc062723c751e8b465ee728b)
Start importing Assets/Scripts/Misc/audio.cs using Guid(3205c1427c3b04041a0704f66b835728) Importer(815301076,1909f56bfc062723c751e8b465ee728b)  -> (artifact id: '53f332eb61ce104663d198a181d819b0') in 0.006138 seconds
  Import took 0.010206 seconds .

========================================================================
Received Prepare
Registering precompiled user dll's ...
Registered in 0.001326 seconds.
Begin MonoManager ReloadAssembly
Native extension for WindowsStandalone target not found
Native extension for WebGL target not found
Refreshing native plugins compatible for Editor in 0.40 ms, found 1 plugins.
Preloading 0 native plugins for Editor in 0.00 ms.
Invoked RoslynAnalysisRunner static constructor.
RoslynAnalysisRunner will not be running.
RoslynAnalysisRunner has terminated.
Mono: successfully reloaded assembly
- Completed reload, in  0.901 seconds
Platform modules already initialized, skipping
Refreshing native plugins compatible for Editor in 0.41 ms, found 1 plugins.
Preloading 0 native plugins for Editor in 0.00 ms.
Unloading 1816 Unused Serialized files (Serialized files now loaded: 0)
System memory in use before: 88.8 MB.
System memory in use after: 88.8 MB.

Unloading 12 unused Assets to reduce memory usage. Loaded Objects now: 2358.
Total: 2.291100 ms (FindLiveObjects: 0.257100 ms CreateObjectMapping: 0.062600 ms MarkObjects: 1.808800 ms  DeleteObjects: 0.161600 ms)

========================================================================
Received Prepare
Registering precompiled user dll's ...
Registered in 0.001104 seconds.
Begin MonoManager ReloadAssembly
Native extension for WindowsStandalone target not found
Native extension for WebGL target not found
Refreshing native plugins compatible for Editor in 0.45 ms, found 1 plugins.
Preloading 0 native plugins for Editor in 0.00 ms.
Invoked RoslynAnalysisRunner static constructor.
RoslynAnalysisRunner will not be running.
RoslynAnalysisRunner has terminated.
Mono: successfully reloaded assembly
- Completed reload, in  0.895 seconds
Platform modules already initialized, skipping
Refreshing native plugins compatible for Editor in 0.41 ms, found 1 plugins.
Preloading 0 native plugins for Editor in 0.00 ms.
Unloading 1816 Unused Serialized files (Serialized files now loaded: 0)
System memory in use before: 88.8 MB.
System memory in use after: 88.8 MB.

Unloading 12 unused Assets to reduce memory usage. Loaded Objects now: 2362.
Total: 5.640100 ms (FindLiveObjects: 0.344500 ms CreateObjectMapping: 0.087400 ms MarkObjects: 5.028900 ms  DeleteObjects: 0.177400 ms)

========================================================================
Received Import Request.
  Time since last request: 586.480796 seconds.
  path: Assets/Prefabs/AlienDecendant.prefab
  artifactKey: Guid(60d7a5746f8a03e45b5730a9ef723694) Importer(815301076,1909f56bfc062723c751e8b465ee728b)
Start importing Assets/Prefabs/AlienDecendant.prefab using Guid(60d7a5746f8a03e45b5730a9ef723694) Importer(815301076,1909f56bfc062723c751e8b465ee728b)  -> (artifact id: '77d0d4e7e231376417b5d57061660d25') in 0.071616 seconds
  Import took 0.076274 seconds .

========================================================================
Received Prepare
Registering precompiled user dll's ...
Registered in 0.001112 seconds.
Begin MonoManager ReloadAssembly
Native extension for WindowsStandalone target not found
Native extension for WebGL target not found
Refreshing native plugins compatible for Editor in 0.48 ms, found 1 plugins.
Preloading 0 native plugins for Editor in 0.00 ms.
Invoked RoslynAnalysisRunner static constructor.
RoslynAnalysisRunner will not be running.
RoslynAnalysisRunner has terminated.
Mono: successfully reloaded assembly
- Completed reload, in  0.962 seconds
Platform modules already initialized, skipping
Refreshing native plugins compatible for Editor in 0.47 ms, found 1 plugins.
Preloading 0 native plugins for Editor in 0.00 ms.
Unloading 1816 Unused Serialized files (Serialized files now loaded: 0)
System memory in use before: 88.8 MB.
System memory in use after: 88.8 MB.

Unloading 12 unused Assets to reduce memory usage. Loaded Objects now: 2367.
Total: 3.051100 ms (FindLiveObjects: 0.424000 ms CreateObjectMapping: 0.208400 ms MarkObjects: 2.206700 ms  DeleteObjects: 0.210600 ms)

========================================================================
Received Import Request.
  Time since last request: 96.963198 seconds.
  path: Assets/Prefabs/AlienDecendant.prefab
  artifactKey: Guid(60d7a5746f8a03e45b5730a9ef723694) Importer(815301076,1909f56bfc062723c751e8b465ee728b)
Start importing Assets/Prefabs/AlienDecendant.prefab using Guid(60d7a5746f8a03e45b5730a9ef723694) Importer(815301076,1909f56bfc062723c751e8b465ee728b)  -> (artifact id: 'caa00fd4eb36753b1b1c5528dde23ede') in 0.063799 seconds
  Import took 0.067797 seconds .

========================================================================
Received Prepare
Registering precompiled user dll's ...
Registered in 0.001149 seconds.
Begin MonoManager ReloadAssembly
Native extension for WindowsStandalone target not found
Native extension for WebGL target not found
Refreshing native plugins compatible for Editor in 0.50 ms, found 1 plugins.
Preloading 0 native plugins for Editor in 0.00 ms.
Invoked RoslynAnalysisRunner static constructor.
RoslynAnalysisRunner will not be running.
RoslynAnalysisRunner has terminated.
Mono: successfully reloaded assembly
- Completed reload, in  0.937 seconds
Platform modules already initialized, skipping
Refreshing native plugins compatible for Editor in 0.41 ms, found 1 plugins.
Preloading 0 native plugins for Editor in 0.00 ms.
Unloading 1816 Unused Serialized files (Serialized files now loaded: 0)
System memory in use before: 88.8 MB.
System memory in use after: 88.8 MB.

Unloading 12 unused Assets to reduce memory usage. Loaded Objects now: 2372.
Total: 2.527800 ms (FindLiveObjects: 0.199800 ms CreateObjectMapping: 0.061500 ms MarkObjects: 2.121600 ms  DeleteObjects: 0.144100 ms)

========================================================================
Received Prepare
Refreshing native plugins compatible for Editor in 2.00 ms, found 1 plugins.
Preloading 0 native plugins for Editor in 0.00 ms.
Unloading 10 Unused Serialized files (Serialized files now loaded: 0)
System memory in use before: 53.2 MB.
System memory in use after: 53.2 MB.

Unloading 10 unused Assets to reduce memory usage. Loaded Objects now: 2372.
Total: 3.088500 ms (FindLiveObjects: 0.330900 ms CreateObjectMapping: 0.167400 ms MarkObjects: 2.433200 ms  DeleteObjects: 0.155900 ms)

AssetImportWorkerClient::OnTransportError - code=2 error=End of file
